25/04/03 19:32:43 INFO SparkContext: Running Spark version 3.2.4
25/04/03 19:32:43 INFO ResourceUtils: ==============================================================
25/04/03 19:32:43 INFO ResourceUtils: No custom resources configured for spark.driver.
25/04/03 19:32:43 INFO ResourceUtils: ==============================================================
25/04/03 19:32:43 INFO SparkContext: Submitted application: Problem 3 - Titanic Analysis
25/04/03 19:32:43 INFO ResourceProfile: Default ResourceProfile created, executor resources: Map(cores -> name: cores, amount: 1, script: , vendor: , memory -> name: memory, amount: 1024, script: , vendor: , offHeap -> name: offHeap, amount: 0, script: , vendor: ), task resources: Map(cpus -> name: cpus, amount: 1.0)
25/04/03 19:32:43 INFO ResourceProfile: Limiting resource is cpu
25/04/03 19:32:43 INFO ResourceProfileManager: Added ResourceProfile id: 0
25/04/03 19:32:43 INFO SecurityManager: Changing view acls to: Ludovic
25/04/03 19:32:43 INFO SecurityManager: Changing modify acls to: Ludovic
25/04/03 19:32:43 INFO SecurityManager: Changing view acls groups to: 
25/04/03 19:32:43 INFO SecurityManager: Changing modify acls groups to: 
25/04/03 19:32:43 INFO SecurityManager: SecurityManager: authentication disabled; ui acls disabled; users  with view permissions: Set(Ludovic); groups with view permissions: Set(); users  with modify permissions: Set(Ludovic); groups with modify permissions: Set()
25/04/03 19:32:44 INFO Utils: Successfully started service 'sparkDriver' on port 51390.
25/04/03 19:32:44 INFO BlockManagerMasterEndpoint: Using org.apache.spark.storage.DefaultTopologyMapper for getting topology information
25/04/03 19:32:44 INFO BlockManagerMasterEndpoint: BlockManagerMasterEndpoint up
25/04/03 19:32:44 INFO DiskBlockManager: Created local directory at C:\Users\aband\AppData\Local\Temp\blockmgr-78e5072d-8141-478c-93e6-8e28beaa69d3
25/04/03 19:32:44 INFO MemoryStore: MemoryStore started with capacity 406.5 MiB
25/04/03 19:32:45 INFO Utils: Successfully started service 'SparkUI' on port 4040.
25/04/03 19:32:45 INFO SparkUI: Bound SparkUI to 0.0.0.0, and started at http://host.docker.internal:4040
25/04/03 19:32:45 INFO Executor: Starting executor ID driver on host host.docker.internal
25/04/03 19:32:45 INFO Utils: Successfully started service 'org.apache.spark.network.netty.NettyBlockTransferService' on port 51446.
25/04/03 19:32:45 INFO NettyBlockTransferService: Server created on host.docker.internal:51446
25/04/03 19:32:45 INFO BlockManager: Using org.apache.spark.storage.RandomBlockReplicationPolicy for block replication policy
25/04/03 19:32:45 INFO BlockManagerMaster: Registering BlockManager BlockManagerId(driver, host.docker.internal, 51446, None)
25/04/03 19:32:45 INFO BlockManagerMasterEndpoint: Registering block manager host.docker.internal:51446 with 406.5 MiB RAM, BlockManagerId(driver, host.docker.internal, 51446, None)
25/04/03 19:32:45 INFO BlockManagerMaster: Registered BlockManager BlockManagerId(driver, host.docker.internal, 51446, None)
25/04/03 19:32:45 INFO BlockManager: Initialized BlockManager: BlockManagerId(driver, host.docker.internal, 51446, None)
25/04/03 19:32:45 INFO SharedState: Setting hive.metastore.warehouse.dir ('null') to the value of spark.sql.warehouse.dir.
25/04/03 19:32:45 INFO SharedState: Warehouse path is 'file:/E:/school/Sem-2/Big-Data/Assignments/problem3/spark-warehouse'.
25/04/03 19:32:46 INFO InMemoryFileIndex: It took 31 ms to list leaf files for 1 paths.
25/04/03 19:32:47 INFO InMemoryFileIndex: It took 1 ms to list leaf files for 1 paths.
25/04/03 19:32:49 INFO FileSourceStrategy: Pushed Filters: 
25/04/03 19:32:49 INFO FileSourceStrategy: Post-Scan Filters: (length(trim(value#0, None)) > 0)
25/04/03 19:32:49 INFO FileSourceStrategy: Output Data Schema: struct<value: string>
25/04/03 19:32:49 INFO CodeGenerator: Code generated in 193.2599 ms
25/04/03 19:32:49 INFO MemoryStore: Block broadcast_0 stored as values in memory (estimated size 286.3 KiB, free 406.2 MiB)
25/04/03 19:32:50 INFO MemoryStore: Block broadcast_0_piece0 stored as bytes in memory (estimated size 24.1 KiB, free 406.2 MiB)
25/04/03 19:32:50 INFO BlockManagerInfo: Added broadcast_0_piece0 in memory on host.docker.internal:51446 (size: 24.1 KiB, free: 406.5 MiB)
25/04/03 19:32:50 INFO SparkContext: Created broadcast 0 from csv at NativeMethodAccessorImpl.java:0
25/04/03 19:32:50 INFO FileSourceScanExec: Planning scan with bin packing, max size: 4194304 bytes, open cost is considered as scanning 4194304 bytes.
25/04/03 19:32:50 INFO SparkContext: Starting job: csv at NativeMethodAccessorImpl.java:0
25/04/03 19:32:50 INFO DAGScheduler: Got job 0 (csv at NativeMethodAccessorImpl.java:0) with 1 output partitions
25/04/03 19:32:50 INFO DAGScheduler: Final stage: ResultStage 0 (csv at NativeMethodAccessorImpl.java:0)
25/04/03 19:32:50 INFO DAGScheduler: Parents of final stage: List()
25/04/03 19:32:50 INFO DAGScheduler: Missing parents: List()
25/04/03 19:32:50 INFO DAGScheduler: Submitting ResultStage 0 (MapPartitionsRDD[3] at csv at NativeMethodAccessorImpl.java:0), which has no missing parents
25/04/03 19:32:50 INFO MemoryStore: Block broadcast_1 stored as values in memory (estimated size 11.6 KiB, free 406.2 MiB)
25/04/03 19:32:50 INFO MemoryStore: Block broadcast_1_piece0 stored as bytes in memory (estimated size 5.8 KiB, free 406.2 MiB)
25/04/03 19:32:50 INFO BlockManagerInfo: Added broadcast_1_piece0 in memory on host.docker.internal:51446 (size: 5.8 KiB, free: 406.5 MiB)
25/04/03 19:32:50 INFO SparkContext: Created broadcast 1 from broadcast at DAGScheduler.scala:1474
25/04/03 19:32:50 INFO DAGScheduler: Submitting 1 missing tasks from ResultStage 0 (MapPartitionsRDD[3] at csv at NativeMethodAccessorImpl.java:0) (first 15 tasks are for partitions Vector(0))
25/04/03 19:32:50 INFO TaskSchedulerImpl: Adding task set 0.0 with 1 tasks resource profile 0
25/04/03 19:32:50 INFO TaskSetManager: Starting task 0.0 in stage 0.0 (TID 0) (host.docker.internal, executor driver, partition 0, PROCESS_LOCAL, 4890 bytes) taskResourceAssignments Map()
25/04/03 19:32:50 INFO Executor: Running task 0.0 in stage 0.0 (TID 0)
25/04/03 19:32:50 INFO FileScanRDD: Reading File path: file:///E:/school/Sem-2/Big-Data/Assignments/problem3/titanic.csv, range: 0-60302, partition values: [empty row]
25/04/03 19:32:50 INFO CodeGenerator: Code generated in 10.184599 ms
25/04/03 19:32:50 INFO Executor: Finished task 0.0 in stage 0.0 (TID 0). 1590 bytes result sent to driver
25/04/03 19:32:50 INFO TaskSetManager: Finished task 0.0 in stage 0.0 (TID 0) in 274 ms on host.docker.internal (executor driver) (1/1)
25/04/03 19:32:50 INFO TaskSchedulerImpl: Removed TaskSet 0.0, whose tasks have all completed, from pool 
25/04/03 19:32:50 INFO DAGScheduler: ResultStage 0 (csv at NativeMethodAccessorImpl.java:0) finished in 0.373 s
25/04/03 19:32:50 INFO DAGScheduler: Job 0 is finished. Cancelling potential speculative or zombie tasks for this job
25/04/03 19:32:50 INFO TaskSchedulerImpl: Killing all running tasks in stage 0: Stage finished
25/04/03 19:32:50 INFO DAGScheduler: Job 0 finished: csv at NativeMethodAccessorImpl.java:0, took 0.406565 s
25/04/03 19:32:50 INFO CodeGenerator: Code generated in 7.038801 ms
25/04/03 19:32:50 INFO FileSourceStrategy: Pushed Filters: 
25/04/03 19:32:50 INFO FileSourceStrategy: Post-Scan Filters: 
25/04/03 19:32:50 INFO FileSourceStrategy: Output Data Schema: struct<value: string>
25/04/03 19:32:50 INFO MemoryStore: Block broadcast_2 stored as values in memory (estimated size 286.3 KiB, free 405.9 MiB)
25/04/03 19:32:50 INFO MemoryStore: Block broadcast_2_piece0 stored as bytes in memory (estimated size 24.1 KiB, free 405.9 MiB)
25/04/03 19:32:50 INFO BlockManagerInfo: Added broadcast_2_piece0 in memory on host.docker.internal:51446 (size: 24.1 KiB, free: 406.4 MiB)
25/04/03 19:32:50 INFO SparkContext: Created broadcast 2 from csv at NativeMethodAccessorImpl.java:0
25/04/03 19:32:50 INFO FileSourceScanExec: Planning scan with bin packing, max size: 4194304 bytes, open cost is considered as scanning 4194304 bytes.
25/04/03 19:32:50 INFO SparkContext: Starting job: csv at NativeMethodAccessorImpl.java:0
25/04/03 19:32:50 INFO DAGScheduler: Got job 1 (csv at NativeMethodAccessorImpl.java:0) with 1 output partitions
25/04/03 19:32:50 INFO DAGScheduler: Final stage: ResultStage 1 (csv at NativeMethodAccessorImpl.java:0)
25/04/03 19:32:50 INFO DAGScheduler: Parents of final stage: List()
25/04/03 19:32:50 INFO DAGScheduler: Missing parents: List()
25/04/03 19:32:50 INFO DAGScheduler: Submitting ResultStage 1 (MapPartitionsRDD[9] at csv at NativeMethodAccessorImpl.java:0), which has no missing parents
25/04/03 19:32:50 INFO MemoryStore: Block broadcast_3 stored as values in memory (estimated size 16.7 KiB, free 405.9 MiB)
25/04/03 19:32:50 INFO MemoryStore: Block broadcast_3_piece0 stored as bytes in memory (estimated size 8.5 KiB, free 405.9 MiB)
25/04/03 19:32:50 INFO BlockManagerInfo: Added broadcast_3_piece0 in memory on host.docker.internal:51446 (size: 8.5 KiB, free: 406.4 MiB)
25/04/03 19:32:50 INFO SparkContext: Created broadcast 3 from broadcast at DAGScheduler.scala:1474
25/04/03 19:32:50 INFO DAGScheduler: Submitting 1 missing tasks from ResultStage 1 (MapPartitionsRDD[9] at csv at NativeMethodAccessorImpl.java:0) (first 15 tasks are for partitions Vector(0))
25/04/03 19:32:50 INFO TaskSchedulerImpl: Adding task set 1.0 with 1 tasks resource profile 0
25/04/03 19:32:50 INFO TaskSetManager: Starting task 0.0 in stage 1.0 (TID 1) (host.docker.internal, executor driver, partition 0, PROCESS_LOCAL, 4890 bytes) taskResourceAssignments Map()
25/04/03 19:32:50 INFO Executor: Running task 0.0 in stage 1.0 (TID 1)
25/04/03 19:32:50 INFO FileScanRDD: Reading File path: file:///E:/school/Sem-2/Big-Data/Assignments/problem3/titanic.csv, range: 0-60302, partition values: [empty row]
25/04/03 19:32:50 INFO Executor: Finished task 0.0 in stage 1.0 (TID 1). 1702 bytes result sent to driver
25/04/03 19:32:50 INFO TaskSetManager: Finished task 0.0 in stage 1.0 (TID 1) in 106 ms on host.docker.internal (executor driver) (1/1)
25/04/03 19:32:50 INFO TaskSchedulerImpl: Removed TaskSet 1.0, whose tasks have all completed, from pool 
25/04/03 19:32:51 INFO DAGScheduler: ResultStage 1 (csv at NativeMethodAccessorImpl.java:0) finished in 0.145 s
25/04/03 19:32:51 INFO DAGScheduler: Job 1 is finished. Cancelling potential speculative or zombie tasks for this job
25/04/03 19:32:51 INFO TaskSchedulerImpl: Killing all running tasks in stage 1: Stage finished
25/04/03 19:32:51 INFO DAGScheduler: Job 1 finished: csv at NativeMethodAccessorImpl.java:0, took 0.150023 s
25/04/03 19:32:51 INFO FileSourceStrategy: Pushed Filters: 
25/04/03 19:32:51 INFO FileSourceStrategy: Post-Scan Filters: 
25/04/03 19:32:51 INFO FileSourceStrategy: Output Data Schema: struct<Age: double>
25/04/03 19:32:51 INFO CodeGenerator: Code generated in 6.7708 ms
25/04/03 19:32:51 INFO MemoryStore: Block broadcast_4 stored as values in memory (estimated size 286.2 KiB, free 405.6 MiB)
25/04/03 19:32:51 INFO MemoryStore: Block broadcast_4_piece0 stored as bytes in memory (estimated size 24.1 KiB, free 405.5 MiB)
25/04/03 19:32:51 INFO BlockManagerInfo: Added broadcast_4_piece0 in memory on host.docker.internal:51446 (size: 24.1 KiB, free: 406.4 MiB)
25/04/03 19:32:51 INFO SparkContext: Created broadcast 4 from approxQuantile at NativeMethodAccessorImpl.java:0
25/04/03 19:32:51 INFO FileSourceScanExec: Planning scan with bin packing, max size: 4194304 bytes, open cost is considered as scanning 4194304 bytes.
25/04/03 19:32:51 INFO SparkContext: Starting job: approxQuantile at NativeMethodAccessorImpl.java:0
25/04/03 19:32:51 INFO DAGScheduler: Got job 2 (approxQuantile at NativeMethodAccessorImpl.java:0) with 1 output partitions
25/04/03 19:32:51 INFO DAGScheduler: Final stage: ResultStage 2 (approxQuantile at NativeMethodAccessorImpl.java:0)
25/04/03 19:32:51 INFO DAGScheduler: Parents of final stage: List()
25/04/03 19:32:51 INFO DAGScheduler: Missing parents: List()
25/04/03 19:32:51 INFO DAGScheduler: Submitting ResultStage 2 (MapPartitionsRDD[16] at approxQuantile at NativeMethodAccessorImpl.java:0), which has no missing parents
25/04/03 19:32:51 INFO BlockManagerInfo: Removed broadcast_3_piece0 on host.docker.internal:51446 in memory (size: 8.5 KiB, free: 406.4 MiB)
25/04/03 19:32:51 INFO BlockManagerInfo: Removed broadcast_1_piece0 on host.docker.internal:51446 in memory (size: 5.8 KiB, free: 406.4 MiB)
25/04/03 19:32:51 INFO MemoryStore: Block broadcast_5 stored as values in memory (estimated size 25.7 KiB, free 405.6 MiB)
25/04/03 19:32:51 INFO MemoryStore: Block broadcast_5_piece0 stored as bytes in memory (estimated size 12.6 KiB, free 405.6 MiB)
25/04/03 19:32:51 INFO BlockManagerInfo: Added broadcast_5_piece0 in memory on host.docker.internal:51446 (size: 12.6 KiB, free: 406.4 MiB)
25/04/03 19:32:51 INFO SparkContext: Created broadcast 5 from broadcast at DAGScheduler.scala:1474
25/04/03 19:32:51 INFO DAGScheduler: Submitting 1 missing tasks from ResultStage 2 (MapPartitionsRDD[16] at approxQuantile at NativeMethodAccessorImpl.java:0) (first 15 tasks are for partitions Vector(0))
25/04/03 19:32:51 INFO TaskSchedulerImpl: Adding task set 2.0 with 1 tasks resource profile 0
25/04/03 19:32:51 INFO TaskSetManager: Starting task 0.0 in stage 2.0 (TID 2) (host.docker.internal, executor driver, partition 0, PROCESS_LOCAL, 4890 bytes) taskResourceAssignments Map()
25/04/03 19:32:51 INFO Executor: Running task 0.0 in stage 2.0 (TID 2)
25/04/03 19:32:51 INFO CodeGenerator: Code generated in 10.0348 ms
25/04/03 19:32:51 INFO FileScanRDD: Reading File path: file:///E:/school/Sem-2/Big-Data/Assignments/problem3/titanic.csv, range: 0-60302, partition values: [empty row]
25/04/03 19:32:51 INFO CodeGenerator: Code generated in 7.6774 ms
25/04/03 19:32:51 INFO Executor: Finished task 0.0 in stage 2.0 (TID 2). 8179 bytes result sent to driver
25/04/03 19:32:51 INFO TaskSetManager: Finished task 0.0 in stage 2.0 (TID 2) in 92 ms on host.docker.internal (executor driver) (1/1)
25/04/03 19:32:51 INFO TaskSchedulerImpl: Removed TaskSet 2.0, whose tasks have all completed, from pool 
25/04/03 19:32:51 INFO DAGScheduler: ResultStage 2 (approxQuantile at NativeMethodAccessorImpl.java:0) finished in 0.113 s
25/04/03 19:32:51 INFO DAGScheduler: Job 2 is finished. Cancelling potential speculative or zombie tasks for this job
25/04/03 19:32:51 INFO TaskSchedulerImpl: Killing all running tasks in stage 2: Stage finished
25/04/03 19:32:51 INFO DAGScheduler: Job 2 finished: approxQuantile at NativeMethodAccessorImpl.java:0, took 0.120302 s
25/04/03 19:32:51 INFO FileSourceStrategy: Pushed Filters: IsNotNull(Age),GreaterThan(Age,24.0)
25/04/03 19:32:51 INFO FileSourceStrategy: Post-Scan Filters: isnotnull(Age#21),(Age#21 > 24.0)
25/04/03 19:32:51 INFO FileSourceStrategy: Output Data Schema: struct<Age: double>
25/04/03 19:32:51 INFO CodeGenerator: Code generated in 13.373601 ms
25/04/03 19:32:51 INFO MemoryStore: Block broadcast_6 stored as values in memory (estimated size 286.2 KiB, free 405.3 MiB)
25/04/03 19:32:51 INFO MemoryStore: Block broadcast_6_piece0 stored as bytes in memory (estimated size 24.1 KiB, free 405.3 MiB)
25/04/03 19:32:51 INFO BlockManagerInfo: Added broadcast_6_piece0 in memory on host.docker.internal:51446 (size: 24.1 KiB, free: 406.4 MiB)
25/04/03 19:32:51 INFO SparkContext: Created broadcast 6 from count at NativeMethodAccessorImpl.java:0
25/04/03 19:32:51 INFO FileSourceScanExec: Planning scan with bin packing, max size: 4194304 bytes, open cost is considered as scanning 4194304 bytes.
25/04/03 19:32:51 INFO DAGScheduler: Registering RDD 20 (count at NativeMethodAccessorImpl.java:0) as input to shuffle 0
25/04/03 19:32:51 INFO DAGScheduler: Got map stage job 3 (count at NativeMethodAccessorImpl.java:0) with 1 output partitions
25/04/03 19:32:51 INFO DAGScheduler: Final stage: ShuffleMapStage 3 (count at NativeMethodAccessorImpl.java:0)
25/04/03 19:32:51 INFO DAGScheduler: Parents of final stage: List()
25/04/03 19:32:51 INFO DAGScheduler: Missing parents: List()
25/04/03 19:32:51 INFO DAGScheduler: Submitting ShuffleMapStage 3 (MapPartitionsRDD[20] at count at NativeMethodAccessorImpl.java:0), which has no missing parents
25/04/03 19:32:51 INFO MemoryStore: Block broadcast_7 stored as values in memory (estimated size 17.0 KiB, free 405.2 MiB)
25/04/03 19:32:51 INFO MemoryStore: Block broadcast_7_piece0 stored as bytes in memory (estimated size 8.6 KiB, free 405.2 MiB)
25/04/03 19:32:51 INFO BlockManagerInfo: Added broadcast_7_piece0 in memory on host.docker.internal:51446 (size: 8.6 KiB, free: 406.4 MiB)
25/04/03 19:32:51 INFO SparkContext: Created broadcast 7 from broadcast at DAGScheduler.scala:1474
25/04/03 19:32:51 INFO DAGScheduler: Submitting 1 missing tasks from ShuffleMapStage 3 (MapPartitionsRDD[20] at count at NativeMethodAccessorImpl.java:0) (first 15 tasks are for partitions Vector(0))
25/04/03 19:32:51 INFO TaskSchedulerImpl: Adding task set 3.0 with 1 tasks resource profile 0
25/04/03 19:32:51 INFO TaskSetManager: Starting task 0.0 in stage 3.0 (TID 3) (host.docker.internal, executor driver, partition 0, PROCESS_LOCAL, 4879 bytes) taskResourceAssignments Map()
25/04/03 19:32:51 INFO Executor: Running task 0.0 in stage 3.0 (TID 3)
25/04/03 19:32:51 INFO FileScanRDD: Reading File path: file:///E:/school/Sem-2/Big-Data/Assignments/problem3/titanic.csv, range: 0-60302, partition values: [empty row]
25/04/03 19:32:51 INFO CodeGenerator: Code generated in 7.933199 ms
25/04/03 19:32:51 INFO Executor: Finished task 0.0 in stage 3.0 (TID 3). 1937 bytes result sent to driver
25/04/03 19:32:51 INFO TaskSetManager: Finished task 0.0 in stage 3.0 (TID 3) in 75 ms on host.docker.internal (executor driver) (1/1)
25/04/03 19:32:51 INFO TaskSchedulerImpl: Removed TaskSet 3.0, whose tasks have all completed, from pool 
25/04/03 19:32:51 INFO DAGScheduler: ShuffleMapStage 3 (count at NativeMethodAccessorImpl.java:0) finished in 0.090 s
25/04/03 19:32:51 INFO DAGScheduler: looking for newly runnable stages
25/04/03 19:32:51 INFO DAGScheduler: running: Set()
25/04/03 19:32:51 INFO DAGScheduler: waiting: Set()
25/04/03 19:32:51 INFO DAGScheduler: failed: Set()
25/04/03 19:32:51 INFO CodeGenerator: Code generated in 8.556001 ms
25/04/03 19:32:51 INFO SparkContext: Starting job: count at NativeMethodAccessorImpl.java:0
25/04/03 19:32:51 INFO DAGScheduler: Got job 4 (count at NativeMethodAccessorImpl.java:0) with 1 output partitions
25/04/03 19:32:51 INFO DAGScheduler: Final stage: ResultStage 5 (count at NativeMethodAccessorImpl.java:0)
25/04/03 19:32:51 INFO DAGScheduler: Parents of final stage: List(ShuffleMapStage 4)
25/04/03 19:32:51 INFO DAGScheduler: Missing parents: List()
25/04/03 19:32:51 INFO DAGScheduler: Submitting ResultStage 5 (MapPartitionsRDD[23] at count at NativeMethodAccessorImpl.java:0), which has no missing parents
25/04/03 19:32:51 INFO MemoryStore: Block broadcast_8 stored as values in memory (estimated size 11.0 KiB, free 405.2 MiB)
25/04/03 19:32:51 INFO MemoryStore: Block broadcast_8_piece0 stored as bytes in memory (estimated size 5.5 KiB, free 405.2 MiB)
25/04/03 19:32:51 INFO BlockManagerInfo: Added broadcast_8_piece0 in memory on host.docker.internal:51446 (size: 5.5 KiB, free: 406.4 MiB)
25/04/03 19:32:51 INFO SparkContext: Created broadcast 8 from broadcast at DAGScheduler.scala:1474
25/04/03 19:32:51 INFO DAGScheduler: Submitting 1 missing tasks from ResultStage 5 (MapPartitionsRDD[23] at count at NativeMethodAccessorImpl.java:0) (first 15 tasks are for partitions Vector(0))
25/04/03 19:32:51 INFO TaskSchedulerImpl: Adding task set 5.0 with 1 tasks resource profile 0
25/04/03 19:32:51 INFO TaskSetManager: Starting task 0.0 in stage 5.0 (TID 4) (host.docker.internal, executor driver, partition 0, NODE_LOCAL, 4453 bytes) taskResourceAssignments Map()
25/04/03 19:32:51 INFO Executor: Running task 0.0 in stage 5.0 (TID 4)
25/04/03 19:32:51 INFO ShuffleBlockFetcherIterator: Getting 1 (60.0 B) non-empty blocks including 1 (60.0 B) local and 0 (0.0 B) host-local and 0 (0.0 B) push-merged-local and 0 (0.0 B) remote blocks
25/04/03 19:32:51 INFO ShuffleBlockFetcherIterator: Started 0 remote fetches in 11 ms
25/04/03 19:32:51 INFO Executor: Finished task 0.0 in stage 5.0 (TID 4). 2605 bytes result sent to driver
25/04/03 19:32:51 INFO TaskSetManager: Finished task 0.0 in stage 5.0 (TID 4) in 53 ms on host.docker.internal (executor driver) (1/1)
25/04/03 19:32:51 INFO TaskSchedulerImpl: Removed TaskSet 5.0, whose tasks have all completed, from pool 
25/04/03 19:32:51 INFO DAGScheduler: ResultStage 5 (count at NativeMethodAccessorImpl.java:0) finished in 0.063 s
25/04/03 19:32:51 INFO DAGScheduler: Job 4 is finished. Cancelling potential speculative or zombie tasks for this job
25/04/03 19:32:51 INFO TaskSchedulerImpl: Killing all running tasks in stage 5: Stage finished
25/04/03 19:32:51 INFO DAGScheduler: Job 4 finished: count at NativeMethodAccessorImpl.java:0, took 0.071668 s
25/04/03 19:32:51 INFO FileSourceStrategy: Pushed Filters: IsNotNull(Age),GreaterThan(Age,24.0)
25/04/03 19:32:51 INFO FileSourceStrategy: Post-Scan Filters: isnotnull(Age#21),(Age#21 > 24.0)
25/04/03 19:32:51 INFO FileSourceStrategy: Output Data Schema: struct<Age: double>
25/04/03 19:32:51 INFO MemoryStore: Block broadcast_9 stored as values in memory (estimated size 286.2 KiB, free 404.9 MiB)
25/04/03 19:32:51 INFO MemoryStore: Block broadcast_9_piece0 stored as bytes in memory (estimated size 24.1 KiB, free 404.9 MiB)
25/04/03 19:32:51 INFO BlockManagerInfo: Added broadcast_9_piece0 in memory on host.docker.internal:51446 (size: 24.1 KiB, free: 406.4 MiB)
25/04/03 19:32:51 INFO SparkContext: Created broadcast 9 from count at NativeMethodAccessorImpl.java:0
25/04/03 19:32:51 INFO FileSourceScanExec: Planning scan with bin packing, max size: 4194304 bytes, open cost is considered as scanning 4194304 bytes.
25/04/03 19:32:51 INFO DAGScheduler: Registering RDD 27 (count at NativeMethodAccessorImpl.java:0) as input to shuffle 1
25/04/03 19:32:51 INFO DAGScheduler: Got map stage job 5 (count at NativeMethodAccessorImpl.java:0) with 1 output partitions
25/04/03 19:32:51 INFO DAGScheduler: Final stage: ShuffleMapStage 6 (count at NativeMethodAccessorImpl.java:0)
25/04/03 19:32:51 INFO DAGScheduler: Parents of final stage: List()
25/04/03 19:32:51 INFO DAGScheduler: Missing parents: List()
25/04/03 19:32:51 INFO DAGScheduler: Submitting ShuffleMapStage 6 (MapPartitionsRDD[27] at count at NativeMethodAccessorImpl.java:0), which has no missing parents
25/04/03 19:32:51 INFO MemoryStore: Block broadcast_10 stored as values in memory (estimated size 17.0 KiB, free 404.9 MiB)
25/04/03 19:32:51 INFO MemoryStore: Block broadcast_10_piece0 stored as bytes in memory (estimated size 8.6 KiB, free 404.9 MiB)
25/04/03 19:32:51 INFO BlockManagerInfo: Added broadcast_10_piece0 in memory on host.docker.internal:51446 (size: 8.6 KiB, free: 406.3 MiB)
25/04/03 19:32:51 INFO SparkContext: Created broadcast 10 from broadcast at DAGScheduler.scala:1474
25/04/03 19:32:51 INFO DAGScheduler: Submitting 1 missing tasks from ShuffleMapStage 6 (MapPartitionsRDD[27] at count at NativeMethodAccessorImpl.java:0) (first 15 tasks are for partitions Vector(0))
25/04/03 19:32:51 INFO TaskSchedulerImpl: Adding task set 6.0 with 1 tasks resource profile 0
25/04/03 19:32:51 INFO TaskSetManager: Starting task 0.0 in stage 6.0 (TID 5) (host.docker.internal, executor driver, partition 0, PROCESS_LOCAL, 4879 bytes) taskResourceAssignments Map()
25/04/03 19:32:51 INFO Executor: Running task 0.0 in stage 6.0 (TID 5)
25/04/03 19:32:51 INFO FileScanRDD: Reading File path: file:///E:/school/Sem-2/Big-Data/Assignments/problem3/titanic.csv, range: 0-60302, partition values: [empty row]
25/04/03 19:32:51 INFO Executor: Finished task 0.0 in stage 6.0 (TID 5). 1937 bytes result sent to driver
25/04/03 19:32:51 INFO TaskSetManager: Finished task 0.0 in stage 6.0 (TID 5) in 16 ms on host.docker.internal (executor driver) (1/1)
25/04/03 19:32:51 INFO TaskSchedulerImpl: Removed TaskSet 6.0, whose tasks have all completed, from pool 
25/04/03 19:32:51 INFO DAGScheduler: ShuffleMapStage 6 (count at NativeMethodAccessorImpl.java:0) finished in 0.022 s
25/04/03 19:32:51 INFO DAGScheduler: looking for newly runnable stages
25/04/03 19:32:51 INFO DAGScheduler: running: Set()
25/04/03 19:32:51 INFO DAGScheduler: waiting: Set()
25/04/03 19:32:51 INFO DAGScheduler: failed: Set()
25/04/03 19:32:51 INFO SparkContext: Starting job: count at NativeMethodAccessorImpl.java:0
25/04/03 19:32:51 INFO DAGScheduler: Got job 6 (count at NativeMethodAccessorImpl.java:0) with 1 output partitions
25/04/03 19:32:51 INFO DAGScheduler: Final stage: ResultStage 8 (count at NativeMethodAccessorImpl.java:0)
25/04/03 19:32:51 INFO DAGScheduler: Parents of final stage: List(ShuffleMapStage 7)
25/04/03 19:32:51 INFO DAGScheduler: Missing parents: List()
25/04/03 19:32:51 INFO DAGScheduler: Submitting ResultStage 8 (MapPartitionsRDD[30] at count at NativeMethodAccessorImpl.java:0), which has no missing parents
25/04/03 19:32:51 INFO MemoryStore: Block broadcast_11 stored as values in memory (estimated size 11.0 KiB, free 404.9 MiB)
25/04/03 19:32:51 INFO MemoryStore: Block broadcast_11_piece0 stored as bytes in memory (estimated size 5.5 KiB, free 404.9 MiB)
25/04/03 19:32:51 INFO BlockManagerInfo: Added broadcast_11_piece0 in memory on host.docker.internal:51446 (size: 5.5 KiB, free: 406.3 MiB)
25/04/03 19:32:51 INFO SparkContext: Created broadcast 11 from broadcast at DAGScheduler.scala:1474
25/04/03 19:32:51 INFO DAGScheduler: Submitting 1 missing tasks from ResultStage 8 (MapPartitionsRDD[30] at count at NativeMethodAccessorImpl.java:0) (first 15 tasks are for partitions Vector(0))
25/04/03 19:32:51 INFO TaskSchedulerImpl: Adding task set 8.0 with 1 tasks resource profile 0
25/04/03 19:32:51 INFO TaskSetManager: Starting task 0.0 in stage 8.0 (TID 6) (host.docker.internal, executor driver, partition 0, NODE_LOCAL, 4453 bytes) taskResourceAssignments Map()
25/04/03 19:32:51 INFO Executor: Running task 0.0 in stage 8.0 (TID 6)
25/04/03 19:32:51 INFO ShuffleBlockFetcherIterator: Getting 1 (60.0 B) non-empty blocks including 1 (60.0 B) local and 0 (0.0 B) host-local and 0 (0.0 B) push-merged-local and 0 (0.0 B) remote blocks
25/04/03 19:32:51 INFO ShuffleBlockFetcherIterator: Started 0 remote fetches in 0 ms
25/04/03 19:32:51 INFO Executor: Finished task 0.0 in stage 8.0 (TID 6). 2562 bytes result sent to driver
25/04/03 19:32:51 INFO TaskSetManager: Finished task 0.0 in stage 8.0 (TID 6) in 7 ms on host.docker.internal (executor driver) (1/1)
25/04/03 19:32:51 INFO TaskSchedulerImpl: Removed TaskSet 8.0, whose tasks have all completed, from pool 
25/04/03 19:32:51 INFO DAGScheduler: ResultStage 8 (count at NativeMethodAccessorImpl.java:0) finished in 0.012 s
25/04/03 19:32:51 INFO DAGScheduler: Job 6 is finished. Cancelling potential speculative or zombie tasks for this job
25/04/03 19:32:51 INFO TaskSchedulerImpl: Killing all running tasks in stage 8: Stage finished
25/04/03 19:32:51 INFO DAGScheduler: Job 6 finished: count at NativeMethodAccessorImpl.java:0, took 0.015727 s
25/04/03 19:32:51 INFO FileSourceStrategy: Pushed Filters: IsNotNull(Age),GreaterThan(Age,24.0)
25/04/03 19:32:51 INFO FileSourceStrategy: Post-Scan Filters: isnotnull(Age#21),(Age#21 > 24.0)
25/04/03 19:32:51 INFO FileSourceStrategy: Output Data Schema: struct<Name: string, Age: double, Fare: double ... 1 more fields>
25/04/03 19:32:51 INFO CodeGenerator: Code generated in 10.667701 ms
25/04/03 19:32:51 INFO CodeGenerator: Code generated in 9.851699 ms
25/04/03 19:32:51 INFO MemoryStore: Block broadcast_12 stored as values in memory (estimated size 286.2 KiB, free 404.6 MiB)
25/04/03 19:32:51 INFO MemoryStore: Block broadcast_12_piece0 stored as bytes in memory (estimated size 24.1 KiB, free 404.6 MiB)
25/04/03 19:32:51 INFO BlockManagerInfo: Added broadcast_12_piece0 in memory on host.docker.internal:51446 (size: 24.1 KiB, free: 406.3 MiB)
25/04/03 19:32:51 INFO SparkContext: Created broadcast 12 from showString at NativeMethodAccessorImpl.java:0
25/04/03 19:32:51 INFO FileSourceScanExec: Planning scan with bin packing, max size: 4194304 bytes, open cost is considered as scanning 4194304 bytes.
25/04/03 19:32:52 INFO SparkContext: Starting job: showString at NativeMethodAccessorImpl.java:0
25/04/03 19:32:52 INFO DAGScheduler: Got job 7 (showString at NativeMethodAccessorImpl.java:0) with 1 output partitions
25/04/03 19:32:52 INFO DAGScheduler: Final stage: ResultStage 9 (showString at NativeMethodAccessorImpl.java:0)
25/04/03 19:32:52 INFO DAGScheduler: Parents of final stage: List()
25/04/03 19:32:52 INFO DAGScheduler: Missing parents: List()
25/04/03 19:32:52 INFO DAGScheduler: Submitting ResultStage 9 (MapPartitionsRDD[35] at showString at NativeMethodAccessorImpl.java:0), which has no missing parents
25/04/03 19:32:52 INFO MemoryStore: Block broadcast_13 stored as values in memory (estimated size 17.0 KiB, free 404.5 MiB)
25/04/03 19:32:52 INFO MemoryStore: Block broadcast_13_piece0 stored as bytes in memory (estimated size 8.3 KiB, free 404.5 MiB)
25/04/03 19:32:52 INFO BlockManagerInfo: Added broadcast_13_piece0 in memory on host.docker.internal:51446 (size: 8.3 KiB, free: 406.3 MiB)
25/04/03 19:32:52 INFO SparkContext: Created broadcast 13 from broadcast at DAGScheduler.scala:1474
25/04/03 19:32:52 INFO DAGScheduler: Submitting 1 missing tasks from ResultStage 9 (MapPartitionsRDD[35] at showString at NativeMethodAccessorImpl.java:0) (first 15 tasks are for partitions Vector(0))
25/04/03 19:32:52 INFO TaskSchedulerImpl: Adding task set 9.0 with 1 tasks resource profile 0
25/04/03 19:32:52 INFO TaskSetManager: Starting task 0.0 in stage 9.0 (TID 7) (host.docker.internal, executor driver, partition 0, PROCESS_LOCAL, 4890 bytes) taskResourceAssignments Map()
25/04/03 19:32:52 INFO Executor: Running task 0.0 in stage 9.0 (TID 7)
25/04/03 19:32:52 INFO FileScanRDD: Reading File path: file:///E:/school/Sem-2/Big-Data/Assignments/problem3/titanic.csv, range: 0-60302, partition values: [empty row]
25/04/03 19:32:52 INFO CodeGenerator: Code generated in 8.3794 ms
25/04/03 19:32:52 INFO CodeGenerator: Code generated in 9.6213 ms
25/04/03 19:32:52 INFO Executor: Finished task 0.0 in stage 9.0 (TID 7). 36005 bytes result sent to driver
25/04/03 19:32:52 INFO TaskSetManager: Finished task 0.0 in stage 9.0 (TID 7) in 67 ms on host.docker.internal (executor driver) (1/1)
25/04/03 19:32:52 INFO TaskSchedulerImpl: Removed TaskSet 9.0, whose tasks have all completed, from pool 
25/04/03 19:32:52 INFO DAGScheduler: ResultStage 9 (showString at NativeMethodAccessorImpl.java:0) finished in 0.076 s
25/04/03 19:32:52 INFO DAGScheduler: Job 7 is finished. Cancelling potential speculative or zombie tasks for this job
25/04/03 19:32:52 INFO TaskSchedulerImpl: Killing all running tasks in stage 9: Stage finished
25/04/03 19:32:52 INFO DAGScheduler: Job 7 finished: showString at NativeMethodAccessorImpl.java:0, took 0.079531 s
25/04/03 19:32:52 INFO CodeGenerator: Code generated in 6.754199 ms
25/04/03 19:32:52 INFO CodeGenerator: Code generated in 5.2237 ms
25/04/03 19:32:52 INFO FileSourceStrategy: Pushed Filters: IsNotNull(Survived),EqualTo(Survived,1)
25/04/03 19:32:52 INFO FileSourceStrategy: Post-Scan Filters: isnotnull(Survived#17),(Survived#17 = 1)
25/04/03 19:32:52 INFO FileSourceStrategy: Output Data Schema: struct<Survived: int, Fare: double>
25/04/03 19:32:52 INFO CodeGenerator: Code generated in 33.7813 ms
25/04/03 19:32:52 INFO MemoryStore: Block broadcast_14 stored as values in memory (estimated size 286.2 KiB, free 404.3 MiB)
25/04/03 19:32:52 INFO MemoryStore: Block broadcast_14_piece0 stored as bytes in memory (estimated size 24.1 KiB, free 404.2 MiB)
25/04/03 19:32:52 INFO BlockManagerInfo: Added broadcast_14_piece0 in memory on host.docker.internal:51446 (size: 24.1 KiB, free: 406.3 MiB)
25/04/03 19:32:52 INFO SparkContext: Created broadcast 14 from collect at E:\school\Sem-2\Big-Data\Assignments\problem3\problem3.py:46
25/04/03 19:32:52 INFO FileSourceScanExec: Planning scan with bin packing, max size: 4194304 bytes, open cost is considered as scanning 4194304 bytes.
25/04/03 19:32:52 INFO DAGScheduler: Registering RDD 39 (collect at E:\school\Sem-2\Big-Data\Assignments\problem3\problem3.py:46) as input to shuffle 2
25/04/03 19:32:52 INFO DAGScheduler: Got map stage job 8 (collect at E:\school\Sem-2\Big-Data\Assignments\problem3\problem3.py:46) with 1 output partitions
25/04/03 19:32:52 INFO DAGScheduler: Final stage: ShuffleMapStage 10 (collect at E:\school\Sem-2\Big-Data\Assignments\problem3\problem3.py:46)
25/04/03 19:32:52 INFO DAGScheduler: Parents of final stage: List()
25/04/03 19:32:52 INFO DAGScheduler: Missing parents: List()
25/04/03 19:32:52 INFO DAGScheduler: Submitting ShuffleMapStage 10 (MapPartitionsRDD[39] at collect at E:\school\Sem-2\Big-Data\Assignments\problem3\problem3.py:46), which has no missing parents
25/04/03 19:32:52 INFO MemoryStore: Block broadcast_15 stored as values in memory (estimated size 39.0 KiB, free 404.2 MiB)
25/04/03 19:32:52 INFO MemoryStore: Block broadcast_15_piece0 stored as bytes in memory (estimated size 18.5 KiB, free 404.2 MiB)
25/04/03 19:32:52 INFO BlockManagerInfo: Added broadcast_15_piece0 in memory on host.docker.internal:51446 (size: 18.5 KiB, free: 406.3 MiB)
25/04/03 19:32:52 INFO SparkContext: Created broadcast 15 from broadcast at DAGScheduler.scala:1474
25/04/03 19:32:52 INFO DAGScheduler: Submitting 1 missing tasks from ShuffleMapStage 10 (MapPartitionsRDD[39] at collect at E:\school\Sem-2\Big-Data\Assignments\problem3\problem3.py:46) (first 15 tasks are for partitions Vector(0))
25/04/03 19:32:52 INFO TaskSchedulerImpl: Adding task set 10.0 with 1 tasks resource profile 0
25/04/03 19:32:52 INFO BlockManagerInfo: Removed broadcast_8_piece0 on host.docker.internal:51446 in memory (size: 5.5 KiB, free: 406.3 MiB)
25/04/03 19:32:52 INFO TaskSetManager: Starting task 0.0 in stage 10.0 (TID 8) (host.docker.internal, executor driver, partition 0, PROCESS_LOCAL, 4879 bytes) taskResourceAssignments Map()
25/04/03 19:32:52 INFO Executor: Running task 0.0 in stage 10.0 (TID 8)
25/04/03 19:32:52 INFO BlockManagerInfo: Removed broadcast_7_piece0 on host.docker.internal:51446 in memory (size: 8.6 KiB, free: 406.3 MiB)
25/04/03 19:32:52 INFO BlockManagerInfo: Removed broadcast_4_piece0 on host.docker.internal:51446 in memory (size: 24.1 KiB, free: 406.3 MiB)
25/04/03 19:32:52 INFO BlockManagerInfo: Removed broadcast_12_piece0 on host.docker.internal:51446 in memory (size: 24.1 KiB, free: 406.3 MiB)
25/04/03 19:32:52 INFO BlockManagerInfo: Removed broadcast_6_piece0 on host.docker.internal:51446 in memory (size: 24.1 KiB, free: 406.4 MiB)
25/04/03 19:32:52 INFO BlockManagerInfo: Removed broadcast_10_piece0 on host.docker.internal:51446 in memory (size: 8.6 KiB, free: 406.4 MiB)
25/04/03 19:32:52 INFO BlockManagerInfo: Removed broadcast_13_piece0 on host.docker.internal:51446 in memory (size: 8.3 KiB, free: 406.4 MiB)
25/04/03 19:32:52 INFO CodeGenerator: Code generated in 11.248401 ms
25/04/03 19:32:52 INFO BlockManagerInfo: Removed broadcast_9_piece0 on host.docker.internal:51446 in memory (size: 24.1 KiB, free: 406.4 MiB)
25/04/03 19:32:52 INFO BlockManagerInfo: Removed broadcast_11_piece0 on host.docker.internal:51446 in memory (size: 5.5 KiB, free: 406.4 MiB)
25/04/03 19:32:52 INFO BlockManagerInfo: Removed broadcast_5_piece0 on host.docker.internal:51446 in memory (size: 12.6 KiB, free: 406.4 MiB)
25/04/03 19:32:52 INFO CodeGenerator: Code generated in 4.4267 ms
25/04/03 19:32:52 INFO CodeGenerator: Code generated in 4.828799 ms
25/04/03 19:32:52 INFO CodeGenerator: Code generated in 4.5072 ms
25/04/03 19:32:52 INFO FileScanRDD: Reading File path: file:///E:/school/Sem-2/Big-Data/Assignments/problem3/titanic.csv, range: 0-60302, partition values: [empty row]
25/04/03 19:32:52 INFO CodeGenerator: Code generated in 4.2285 ms
25/04/03 19:32:52 INFO CodeGenerator: Code generated in 3.294401 ms
25/04/03 19:32:52 INFO Executor: Finished task 0.0 in stage 10.0 (TID 8). 2740 bytes result sent to driver
25/04/03 19:32:52 INFO TaskSetManager: Finished task 0.0 in stage 10.0 (TID 8) in 95 ms on host.docker.internal (executor driver) (1/1)
25/04/03 19:32:52 INFO TaskSchedulerImpl: Removed TaskSet 10.0, whose tasks have all completed, from pool 
25/04/03 19:32:52 INFO DAGScheduler: ShuffleMapStage 10 (collect at E:\school\Sem-2\Big-Data\Assignments\problem3\problem3.py:46) finished in 0.118 s
25/04/03 19:32:52 INFO DAGScheduler: looking for newly runnable stages
25/04/03 19:32:52 INFO DAGScheduler: running: Set()
25/04/03 19:32:52 INFO DAGScheduler: waiting: Set()
25/04/03 19:32:52 INFO DAGScheduler: failed: Set()
25/04/03 19:32:52 INFO ShufflePartitionsUtil: For shuffle(2), advisory target size: 67108864, actual target size 1048576, minimum partition size: 1048576
25/04/03 19:32:52 INFO HashAggregateExec: spark.sql.codegen.aggregate.map.twolevel.enabled is set to true, but current version of codegened fast hashmap does not support this aggregate.
25/04/03 19:32:52 INFO CodeGenerator: Code generated in 12.0058 ms
25/04/03 19:32:52 INFO CodeGenerator: Code generated in 4.5564 ms
25/04/03 19:32:52 INFO SparkContext: Starting job: collect at E:\school\Sem-2\Big-Data\Assignments\problem3\problem3.py:46
25/04/03 19:32:52 INFO DAGScheduler: Got job 9 (collect at E:\school\Sem-2\Big-Data\Assignments\problem3\problem3.py:46) with 1 output partitions
25/04/03 19:32:52 INFO DAGScheduler: Final stage: ResultStage 12 (collect at E:\school\Sem-2\Big-Data\Assignments\problem3\problem3.py:46)
25/04/03 19:32:52 INFO DAGScheduler: Parents of final stage: List(ShuffleMapStage 11)
25/04/03 19:32:52 INFO DAGScheduler: Missing parents: List()
25/04/03 19:32:52 INFO DAGScheduler: Submitting ResultStage 12 (MapPartitionsRDD[44] at collect at E:\school\Sem-2\Big-Data\Assignments\problem3\problem3.py:46), which has no missing parents
25/04/03 19:32:52 INFO MemoryStore: Block broadcast_16 stored as values in memory (estimated size 42.1 KiB, free 405.5 MiB)
25/04/03 19:32:52 INFO MemoryStore: Block broadcast_16_piece0 stored as bytes in memory (estimated size 20.2 KiB, free 405.5 MiB)
25/04/03 19:32:52 INFO BlockManagerInfo: Added broadcast_16_piece0 in memory on host.docker.internal:51446 (size: 20.2 KiB, free: 406.4 MiB)
25/04/03 19:32:52 INFO SparkContext: Created broadcast 16 from broadcast at DAGScheduler.scala:1474
25/04/03 19:32:52 INFO DAGScheduler: Submitting 1 missing tasks from ResultStage 12 (MapPartitionsRDD[44] at collect at E:\school\Sem-2\Big-Data\Assignments\problem3\problem3.py:46) (first 15 tasks are for partitions Vector(0))
25/04/03 19:32:52 INFO TaskSchedulerImpl: Adding task set 12.0 with 1 tasks resource profile 0
25/04/03 19:32:52 INFO TaskSetManager: Starting task 0.0 in stage 12.0 (TID 9) (host.docker.internal, executor driver, partition 0, NODE_LOCAL, 4453 bytes) taskResourceAssignments Map()
25/04/03 19:32:52 INFO Executor: Running task 0.0 in stage 12.0 (TID 9)
25/04/03 19:32:52 INFO ShuffleBlockFetcherIterator: Getting 1 (72.0 B) non-empty blocks including 1 (72.0 B) local and 0 (0.0 B) host-local and 0 (0.0 B) push-merged-local and 0 (0.0 B) remote blocks
25/04/03 19:32:52 INFO ShuffleBlockFetcherIterator: Started 0 remote fetches in 0 ms
25/04/03 19:32:52 INFO Executor: Finished task 0.0 in stage 12.0 (TID 9). 3980 bytes result sent to driver
25/04/03 19:32:52 INFO TaskSetManager: Finished task 0.0 in stage 12.0 (TID 9) in 27 ms on host.docker.internal (executor driver) (1/1)
25/04/03 19:32:52 INFO TaskSchedulerImpl: Removed TaskSet 12.0, whose tasks have all completed, from pool 
25/04/03 19:32:52 INFO DAGScheduler: ResultStage 12 (collect at E:\school\Sem-2\Big-Data\Assignments\problem3\problem3.py:46) finished in 0.031 s
25/04/03 19:32:52 INFO DAGScheduler: Job 9 is finished. Cancelling potential speculative or zombie tasks for this job
25/04/03 19:32:52 INFO TaskSchedulerImpl: Killing all running tasks in stage 12: Stage finished
25/04/03 19:32:52 INFO DAGScheduler: Job 9 finished: collect at E:\school\Sem-2\Big-Data\Assignments\problem3\problem3.py:46, took 0.035640 s
25/04/03 19:32:52 INFO DAGScheduler: Registering RDD 45 (collect at E:\school\Sem-2\Big-Data\Assignments\problem3\problem3.py:46) as input to shuffle 3
25/04/03 19:32:52 INFO DAGScheduler: Got map stage job 10 (collect at E:\school\Sem-2\Big-Data\Assignments\problem3\problem3.py:46) with 1 output partitions
25/04/03 19:32:52 INFO DAGScheduler: Final stage: ShuffleMapStage 14 (collect at E:\school\Sem-2\Big-Data\Assignments\problem3\problem3.py:46)
25/04/03 19:32:52 INFO DAGScheduler: Parents of final stage: List(ShuffleMapStage 13)
25/04/03 19:32:52 INFO DAGScheduler: Missing parents: List()
25/04/03 19:32:52 INFO DAGScheduler: Submitting ShuffleMapStage 14 (MapPartitionsRDD[45] at collect at E:\school\Sem-2\Big-Data\Assignments\problem3\problem3.py:46), which has no missing parents
25/04/03 19:32:52 INFO MemoryStore: Block broadcast_17 stored as values in memory (estimated size 42.3 KiB, free 405.4 MiB)
25/04/03 19:32:52 INFO MemoryStore: Block broadcast_17_piece0 stored as bytes in memory (estimated size 20.4 KiB, free 405.4 MiB)
25/04/03 19:32:52 INFO BlockManagerInfo: Added broadcast_17_piece0 in memory on host.docker.internal:51446 (size: 20.4 KiB, free: 406.4 MiB)
25/04/03 19:32:52 INFO SparkContext: Created broadcast 17 from broadcast at DAGScheduler.scala:1474
25/04/03 19:32:52 INFO DAGScheduler: Submitting 1 missing tasks from ShuffleMapStage 14 (MapPartitionsRDD[45] at collect at E:\school\Sem-2\Big-Data\Assignments\problem3\problem3.py:46) (first 15 tasks are for partitions Vector(0))
25/04/03 19:32:52 INFO TaskSchedulerImpl: Adding task set 14.0 with 1 tasks resource profile 0
25/04/03 19:32:52 INFO TaskSetManager: Starting task 0.0 in stage 14.0 (TID 10) (host.docker.internal, executor driver, partition 0, NODE_LOCAL, 4442 bytes) taskResourceAssignments Map()
25/04/03 19:32:52 INFO Executor: Running task 0.0 in stage 14.0 (TID 10)
25/04/03 19:32:52 INFO ShuffleBlockFetcherIterator: Getting 1 (72.0 B) non-empty blocks including 1 (72.0 B) local and 0 (0.0 B) host-local and 0 (0.0 B) push-merged-local and 0 (0.0 B) remote blocks
25/04/03 19:32:52 INFO ShuffleBlockFetcherIterator: Started 0 remote fetches in 0 ms
25/04/03 19:32:52 INFO Executor: Finished task 0.0 in stage 14.0 (TID 10). 3946 bytes result sent to driver
25/04/03 19:32:52 INFO TaskSetManager: Finished task 0.0 in stage 14.0 (TID 10) in 16 ms on host.docker.internal (executor driver) (1/1)
25/04/03 19:32:52 INFO TaskSchedulerImpl: Removed TaskSet 14.0, whose tasks have all completed, from pool 
25/04/03 19:32:52 INFO DAGScheduler: ShuffleMapStage 14 (collect at E:\school\Sem-2\Big-Data\Assignments\problem3\problem3.py:46) finished in 0.023 s
25/04/03 19:32:52 INFO DAGScheduler: looking for newly runnable stages
25/04/03 19:32:52 INFO DAGScheduler: running: Set()
25/04/03 19:32:52 INFO DAGScheduler: waiting: Set()
25/04/03 19:32:52 INFO DAGScheduler: failed: Set()
25/04/03 19:32:52 INFO ShufflePartitionsUtil: For shuffle(3), advisory target size: 67108864, actual target size 1048576, minimum partition size: 1048576
25/04/03 19:32:52 INFO CodeGenerator: Code generated in 7.9835 ms
25/04/03 19:32:52 INFO SparkContext: Starting job: collect at E:\school\Sem-2\Big-Data\Assignments\problem3\problem3.py:46
25/04/03 19:32:52 INFO DAGScheduler: Got job 11 (collect at E:\school\Sem-2\Big-Data\Assignments\problem3\problem3.py:46) with 1 output partitions
25/04/03 19:32:52 INFO DAGScheduler: Final stage: ResultStage 17 (collect at E:\school\Sem-2\Big-Data\Assignments\problem3\problem3.py:46)
25/04/03 19:32:52 INFO DAGScheduler: Parents of final stage: List(ShuffleMapStage 16)
25/04/03 19:32:52 INFO DAGScheduler: Missing parents: List()
25/04/03 19:32:52 INFO DAGScheduler: Submitting ResultStage 17 (MapPartitionsRDD[48] at collect at E:\school\Sem-2\Big-Data\Assignments\problem3\problem3.py:46), which has no missing parents
25/04/03 19:32:52 INFO MemoryStore: Block broadcast_18 stored as values in memory (estimated size 38.3 KiB, free 405.4 MiB)
25/04/03 19:32:52 INFO MemoryStore: Block broadcast_18_piece0 stored as bytes in memory (estimated size 18.6 KiB, free 405.4 MiB)
25/04/03 19:32:52 INFO BlockManagerInfo: Added broadcast_18_piece0 in memory on host.docker.internal:51446 (size: 18.6 KiB, free: 406.4 MiB)
25/04/03 19:32:52 INFO SparkContext: Created broadcast 18 from broadcast at DAGScheduler.scala:1474
25/04/03 19:32:52 INFO DAGScheduler: Submitting 1 missing tasks from ResultStage 17 (MapPartitionsRDD[48] at collect at E:\school\Sem-2\Big-Data\Assignments\problem3\problem3.py:46) (first 15 tasks are for partitions Vector(0))
25/04/03 19:32:52 INFO TaskSchedulerImpl: Adding task set 17.0 with 1 tasks resource profile 0
25/04/03 19:32:52 INFO TaskSetManager: Starting task 0.0 in stage 17.0 (TID 11) (host.docker.internal, executor driver, partition 0, NODE_LOCAL, 4453 bytes) taskResourceAssignments Map()
25/04/03 19:32:52 INFO Executor: Running task 0.0 in stage 17.0 (TID 11)
25/04/03 19:32:52 INFO ShuffleBlockFetcherIterator: Getting 1 (66.0 B) non-empty blocks including 1 (66.0 B) local and 0 (0.0 B) host-local and 0 (0.0 B) push-merged-local and 0 (0.0 B) remote blocks
25/04/03 19:32:52 INFO ShuffleBlockFetcherIterator: Started 0 remote fetches in 0 ms
25/04/03 19:32:52 INFO CodeGenerator: Code generated in 3.941999 ms
25/04/03 19:32:52 INFO Executor: Finished task 0.0 in stage 17.0 (TID 11). 4703 bytes result sent to driver
25/04/03 19:32:52 INFO TaskSetManager: Finished task 0.0 in stage 17.0 (TID 11) in 32 ms on host.docker.internal (executor driver) (1/1)
25/04/03 19:32:52 INFO TaskSchedulerImpl: Removed TaskSet 17.0, whose tasks have all completed, from pool 
25/04/03 19:32:52 INFO DAGScheduler: ResultStage 17 (collect at E:\school\Sem-2\Big-Data\Assignments\problem3\problem3.py:46) finished in 0.037 s
25/04/03 19:32:52 INFO DAGScheduler: Job 11 is finished. Cancelling potential speculative or zombie tasks for this job
25/04/03 19:32:52 INFO TaskSchedulerImpl: Killing all running tasks in stage 17: Stage finished
25/04/03 19:32:52 INFO DAGScheduler: Job 11 finished: collect at E:\school\Sem-2\Big-Data\Assignments\problem3\problem3.py:46, took 0.039705 s
25/04/03 19:32:52 INFO FileSourceStrategy: Pushed Filters: IsNotNull(Survived),EqualTo(Survived,0)
25/04/03 19:32:52 INFO FileSourceStrategy: Post-Scan Filters: isnotnull(Survived#17),(Survived#17 = 0)
25/04/03 19:32:52 INFO FileSourceStrategy: Output Data Schema: struct<Survived: int, Fare: double>
25/04/03 19:32:52 INFO CodeGenerator: Code generated in 17.7589 ms
25/04/03 19:32:52 INFO MemoryStore: Block broadcast_19 stored as values in memory (estimated size 286.2 KiB, free 405.1 MiB)
25/04/03 19:32:52 INFO MemoryStore: Block broadcast_19_piece0 stored as bytes in memory (estimated size 24.1 KiB, free 405.1 MiB)
25/04/03 19:32:52 INFO BlockManagerInfo: Added broadcast_19_piece0 in memory on host.docker.internal:51446 (size: 24.1 KiB, free: 406.3 MiB)
25/04/03 19:32:52 INFO SparkContext: Created broadcast 19 from collect at E:\school\Sem-2\Big-Data\Assignments\problem3\problem3.py:47
25/04/03 19:32:52 INFO FileSourceScanExec: Planning scan with bin packing, max size: 4194304 bytes, open cost is considered as scanning 4194304 bytes.
25/04/03 19:32:52 INFO DAGScheduler: Registering RDD 52 (collect at E:\school\Sem-2\Big-Data\Assignments\problem3\problem3.py:47) as input to shuffle 4
25/04/03 19:32:52 INFO DAGScheduler: Got map stage job 12 (collect at E:\school\Sem-2\Big-Data\Assignments\problem3\problem3.py:47) with 1 output partitions
25/04/03 19:32:52 INFO DAGScheduler: Final stage: ShuffleMapStage 18 (collect at E:\school\Sem-2\Big-Data\Assignments\problem3\problem3.py:47)
25/04/03 19:32:52 INFO DAGScheduler: Parents of final stage: List()
25/04/03 19:32:52 INFO DAGScheduler: Missing parents: List()
25/04/03 19:32:52 INFO DAGScheduler: Submitting ShuffleMapStage 18 (MapPartitionsRDD[52] at collect at E:\school\Sem-2\Big-Data\Assignments\problem3\problem3.py:47), which has no missing parents
25/04/03 19:32:52 INFO MemoryStore: Block broadcast_20 stored as values in memory (estimated size 39.4 KiB, free 405.0 MiB)
25/04/03 19:32:52 INFO MemoryStore: Block broadcast_20_piece0 stored as bytes in memory (estimated size 18.8 KiB, free 405.0 MiB)
25/04/03 19:32:52 INFO BlockManagerInfo: Added broadcast_20_piece0 in memory on host.docker.internal:51446 (size: 18.8 KiB, free: 406.3 MiB)
25/04/03 19:32:52 INFO SparkContext: Created broadcast 20 from broadcast at DAGScheduler.scala:1474
25/04/03 19:32:52 INFO DAGScheduler: Submitting 1 missing tasks from ShuffleMapStage 18 (MapPartitionsRDD[52] at collect at E:\school\Sem-2\Big-Data\Assignments\problem3\problem3.py:47) (first 15 tasks are for partitions Vector(0))
25/04/03 19:32:52 INFO TaskSchedulerImpl: Adding task set 18.0 with 1 tasks resource profile 0
25/04/03 19:32:52 INFO TaskSetManager: Starting task 0.0 in stage 18.0 (TID 12) (host.docker.internal, executor driver, partition 0, PROCESS_LOCAL, 4879 bytes) taskResourceAssignments Map()
25/04/03 19:32:52 INFO Executor: Running task 0.0 in stage 18.0 (TID 12)
25/04/03 19:32:52 INFO FileScanRDD: Reading File path: file:///E:/school/Sem-2/Big-Data/Assignments/problem3/titanic.csv, range: 0-60302, partition values: [empty row]
25/04/03 19:32:52 INFO CodeGenerator: Code generated in 5.1215 ms
25/04/03 19:32:52 INFO Executor: Finished task 0.0 in stage 18.0 (TID 12). 2740 bytes result sent to driver
25/04/03 19:32:52 INFO TaskSetManager: Finished task 0.0 in stage 18.0 (TID 12) in 53 ms on host.docker.internal (executor driver) (1/1)
25/04/03 19:32:52 INFO TaskSchedulerImpl: Removed TaskSet 18.0, whose tasks have all completed, from pool 
25/04/03 19:32:52 INFO DAGScheduler: ShuffleMapStage 18 (collect at E:\school\Sem-2\Big-Data\Assignments\problem3\problem3.py:47) finished in 0.059 s
25/04/03 19:32:52 INFO DAGScheduler: looking for newly runnable stages
25/04/03 19:32:52 INFO DAGScheduler: running: Set()
25/04/03 19:32:52 INFO DAGScheduler: waiting: Set()
25/04/03 19:32:52 INFO DAGScheduler: failed: Set()
25/04/03 19:32:52 INFO ShufflePartitionsUtil: For shuffle(4), advisory target size: 67108864, actual target size 1048576, minimum partition size: 1048576
25/04/03 19:32:52 INFO HashAggregateExec: spark.sql.codegen.aggregate.map.twolevel.enabled is set to true, but current version of codegened fast hashmap does not support this aggregate.
25/04/03 19:32:52 INFO SparkContext: Starting job: collect at E:\school\Sem-2\Big-Data\Assignments\problem3\problem3.py:47
25/04/03 19:32:52 INFO DAGScheduler: Got job 13 (collect at E:\school\Sem-2\Big-Data\Assignments\problem3\problem3.py:47) with 1 output partitions
25/04/03 19:32:52 INFO DAGScheduler: Final stage: ResultStage 20 (collect at E:\school\Sem-2\Big-Data\Assignments\problem3\problem3.py:47)
25/04/03 19:32:52 INFO DAGScheduler: Parents of final stage: List(ShuffleMapStage 19)
25/04/03 19:32:52 INFO DAGScheduler: Missing parents: List()
25/04/03 19:32:52 INFO DAGScheduler: Submitting ResultStage 20 (MapPartitionsRDD[57] at collect at E:\school\Sem-2\Big-Data\Assignments\problem3\problem3.py:47), which has no missing parents
25/04/03 19:32:52 INFO MemoryStore: Block broadcast_21 stored as values in memory (estimated size 42.1 KiB, free 405.0 MiB)
25/04/03 19:32:52 INFO MemoryStore: Block broadcast_21_piece0 stored as bytes in memory (estimated size 20.2 KiB, free 404.9 MiB)
25/04/03 19:32:52 INFO BlockManagerInfo: Added broadcast_21_piece0 in memory on host.docker.internal:51446 (size: 20.2 KiB, free: 406.3 MiB)
25/04/03 19:32:52 INFO SparkContext: Created broadcast 21 from broadcast at DAGScheduler.scala:1474
25/04/03 19:32:52 INFO DAGScheduler: Submitting 1 missing tasks from ResultStage 20 (MapPartitionsRDD[57] at collect at E:\school\Sem-2\Big-Data\Assignments\problem3\problem3.py:47) (first 15 tasks are for partitions Vector(0))
25/04/03 19:32:52 INFO TaskSchedulerImpl: Adding task set 20.0 with 1 tasks resource profile 0
25/04/03 19:32:52 INFO TaskSetManager: Starting task 0.0 in stage 20.0 (TID 13) (host.docker.internal, executor driver, partition 0, NODE_LOCAL, 4453 bytes) taskResourceAssignments Map()
25/04/03 19:32:52 INFO Executor: Running task 0.0 in stage 20.0 (TID 13)
25/04/03 19:32:52 INFO ShuffleBlockFetcherIterator: Getting 1 (72.0 B) non-empty blocks including 1 (72.0 B) local and 0 (0.0 B) host-local and 0 (0.0 B) push-merged-local and 0 (0.0 B) remote blocks
25/04/03 19:32:52 INFO ShuffleBlockFetcherIterator: Started 0 remote fetches in 0 ms
25/04/03 19:32:52 INFO Executor: Finished task 0.0 in stage 20.0 (TID 13). 3980 bytes result sent to driver
25/04/03 19:32:52 INFO TaskSetManager: Finished task 0.0 in stage 20.0 (TID 13) in 12 ms on host.docker.internal (executor driver) (1/1)
25/04/03 19:32:52 INFO TaskSchedulerImpl: Removed TaskSet 20.0, whose tasks have all completed, from pool 
25/04/03 19:32:52 INFO DAGScheduler: ResultStage 20 (collect at E:\school\Sem-2\Big-Data\Assignments\problem3\problem3.py:47) finished in 0.018 s
25/04/03 19:32:52 INFO DAGScheduler: Job 13 is finished. Cancelling potential speculative or zombie tasks for this job
25/04/03 19:32:52 INFO TaskSchedulerImpl: Killing all running tasks in stage 20: Stage finished
25/04/03 19:32:52 INFO DAGScheduler: Job 13 finished: collect at E:\school\Sem-2\Big-Data\Assignments\problem3\problem3.py:47, took 0.021349 s
25/04/03 19:32:52 INFO DAGScheduler: Registering RDD 58 (collect at E:\school\Sem-2\Big-Data\Assignments\problem3\problem3.py:47) as input to shuffle 5
25/04/03 19:32:52 INFO DAGScheduler: Got map stage job 14 (collect at E:\school\Sem-2\Big-Data\Assignments\problem3\problem3.py:47) with 1 output partitions
25/04/03 19:32:52 INFO DAGScheduler: Final stage: ShuffleMapStage 22 (collect at E:\school\Sem-2\Big-Data\Assignments\problem3\problem3.py:47)
25/04/03 19:32:52 INFO DAGScheduler: Parents of final stage: List(ShuffleMapStage 21)
25/04/03 19:32:52 INFO DAGScheduler: Missing parents: List()
25/04/03 19:32:52 INFO DAGScheduler: Submitting ShuffleMapStage 22 (MapPartitionsRDD[58] at collect at E:\school\Sem-2\Big-Data\Assignments\problem3\problem3.py:47), which has no missing parents
25/04/03 19:32:52 INFO MemoryStore: Block broadcast_22 stored as values in memory (estimated size 42.3 KiB, free 404.9 MiB)
25/04/03 19:32:52 INFO MemoryStore: Block broadcast_22_piece0 stored as bytes in memory (estimated size 20.5 KiB, free 404.9 MiB)
25/04/03 19:32:52 INFO BlockManagerInfo: Added broadcast_22_piece0 in memory on host.docker.internal:51446 (size: 20.5 KiB, free: 406.3 MiB)
25/04/03 19:32:52 INFO SparkContext: Created broadcast 22 from broadcast at DAGScheduler.scala:1474
25/04/03 19:32:52 INFO DAGScheduler: Submitting 1 missing tasks from ShuffleMapStage 22 (MapPartitionsRDD[58] at collect at E:\school\Sem-2\Big-Data\Assignments\problem3\problem3.py:47) (first 15 tasks are for partitions Vector(0))
25/04/03 19:32:52 INFO TaskSchedulerImpl: Adding task set 22.0 with 1 tasks resource profile 0
25/04/03 19:32:52 INFO TaskSetManager: Starting task 0.0 in stage 22.0 (TID 14) (host.docker.internal, executor driver, partition 0, NODE_LOCAL, 4442 bytes) taskResourceAssignments Map()
25/04/03 19:32:52 INFO Executor: Running task 0.0 in stage 22.0 (TID 14)
25/04/03 19:32:52 INFO ShuffleBlockFetcherIterator: Getting 1 (72.0 B) non-empty blocks including 1 (72.0 B) local and 0 (0.0 B) host-local and 0 (0.0 B) push-merged-local and 0 (0.0 B) remote blocks
25/04/03 19:32:52 INFO ShuffleBlockFetcherIterator: Started 0 remote fetches in 0 ms
25/04/03 19:32:52 INFO Executor: Finished task 0.0 in stage 22.0 (TID 14). 3989 bytes result sent to driver
25/04/03 19:32:52 INFO TaskSetManager: Finished task 0.0 in stage 22.0 (TID 14) in 14 ms on host.docker.internal (executor driver) (1/1)
25/04/03 19:32:52 INFO TaskSchedulerImpl: Removed TaskSet 22.0, whose tasks have all completed, from pool 
25/04/03 19:32:52 INFO DAGScheduler: ShuffleMapStage 22 (collect at E:\school\Sem-2\Big-Data\Assignments\problem3\problem3.py:47) finished in 0.017 s
25/04/03 19:32:52 INFO DAGScheduler: looking for newly runnable stages
25/04/03 19:32:52 INFO DAGScheduler: running: Set()
25/04/03 19:32:52 INFO DAGScheduler: waiting: Set()
25/04/03 19:32:52 INFO DAGScheduler: failed: Set()
25/04/03 19:32:52 INFO ShufflePartitionsUtil: For shuffle(5), advisory target size: 67108864, actual target size 1048576, minimum partition size: 1048576
25/04/03 19:32:52 INFO SparkContext: Starting job: collect at E:\school\Sem-2\Big-Data\Assignments\problem3\problem3.py:47
25/04/03 19:32:52 INFO DAGScheduler: Got job 15 (collect at E:\school\Sem-2\Big-Data\Assignments\problem3\problem3.py:47) with 1 output partitions
25/04/03 19:32:52 INFO DAGScheduler: Final stage: ResultStage 25 (collect at E:\school\Sem-2\Big-Data\Assignments\problem3\problem3.py:47)
25/04/03 19:32:52 INFO DAGScheduler: Parents of final stage: List(ShuffleMapStage 24)
25/04/03 19:32:52 INFO DAGScheduler: Missing parents: List()
25/04/03 19:32:52 INFO DAGScheduler: Submitting ResultStage 25 (MapPartitionsRDD[61] at collect at E:\school\Sem-2\Big-Data\Assignments\problem3\problem3.py:47), which has no missing parents
25/04/03 19:32:52 INFO MemoryStore: Block broadcast_23 stored as values in memory (estimated size 38.3 KiB, free 404.8 MiB)
25/04/03 19:32:52 INFO MemoryStore: Block broadcast_23_piece0 stored as bytes in memory (estimated size 18.6 KiB, free 404.8 MiB)
25/04/03 19:32:52 INFO BlockManagerInfo: Added broadcast_23_piece0 in memory on host.docker.internal:51446 (size: 18.6 KiB, free: 406.3 MiB)
25/04/03 19:32:52 INFO SparkContext: Created broadcast 23 from broadcast at DAGScheduler.scala:1474
25/04/03 19:32:52 INFO DAGScheduler: Submitting 1 missing tasks from ResultStage 25 (MapPartitionsRDD[61] at collect at E:\school\Sem-2\Big-Data\Assignments\problem3\problem3.py:47) (first 15 tasks are for partitions Vector(0))
25/04/03 19:32:52 INFO TaskSchedulerImpl: Adding task set 25.0 with 1 tasks resource profile 0
25/04/03 19:32:52 INFO TaskSetManager: Starting task 0.0 in stage 25.0 (TID 15) (host.docker.internal, executor driver, partition 0, NODE_LOCAL, 4453 bytes) taskResourceAssignments Map()
25/04/03 19:32:52 INFO Executor: Running task 0.0 in stage 25.0 (TID 15)
25/04/03 19:32:52 INFO ShuffleBlockFetcherIterator: Getting 1 (60.0 B) non-empty blocks including 1 (60.0 B) local and 0 (0.0 B) host-local and 0 (0.0 B) push-merged-local and 0 (0.0 B) remote blocks
25/04/03 19:32:52 INFO ShuffleBlockFetcherIterator: Started 0 remote fetches in 0 ms
25/04/03 19:32:52 INFO Executor: Finished task 0.0 in stage 25.0 (TID 15). 4699 bytes result sent to driver
25/04/03 19:32:52 INFO TaskSetManager: Finished task 0.0 in stage 25.0 (TID 15) in 11 ms on host.docker.internal (executor driver) (1/1)
25/04/03 19:32:52 INFO TaskSchedulerImpl: Removed TaskSet 25.0, whose tasks have all completed, from pool 
25/04/03 19:32:52 INFO DAGScheduler: ResultStage 25 (collect at E:\school\Sem-2\Big-Data\Assignments\problem3\problem3.py:47) finished in 0.015 s
25/04/03 19:32:52 INFO DAGScheduler: Job 15 is finished. Cancelling potential speculative or zombie tasks for this job
25/04/03 19:32:52 INFO TaskSchedulerImpl: Killing all running tasks in stage 25: Stage finished
25/04/03 19:32:52 INFO DAGScheduler: Job 15 finished: collect at E:\school\Sem-2\Big-Data\Assignments\problem3\problem3.py:47, took 0.017524 s
25/04/03 19:32:52 INFO FileSourceStrategy: Pushed Filters: 
25/04/03 19:32:52 INFO FileSourceStrategy: Post-Scan Filters: 
25/04/03 19:32:52 INFO FileSourceStrategy: Output Data Schema: struct<Survived: int, Fare: double>
25/04/03 19:32:52 INFO CodeGenerator: Code generated in 21.560599 ms
25/04/03 19:32:52 INFO MemoryStore: Block broadcast_24 stored as values in memory (estimated size 286.2 KiB, free 404.5 MiB)
25/04/03 19:32:53 INFO MemoryStore: Block broadcast_24_piece0 stored as bytes in memory (estimated size 24.1 KiB, free 404.5 MiB)
25/04/03 19:32:53 INFO BlockManagerInfo: Added broadcast_24_piece0 in memory on host.docker.internal:51446 (size: 24.1 KiB, free: 406.2 MiB)
25/04/03 19:32:53 INFO SparkContext: Created broadcast 24 from showString at NativeMethodAccessorImpl.java:0
25/04/03 19:32:53 INFO FileSourceScanExec: Planning scan with bin packing, max size: 4194304 bytes, open cost is considered as scanning 4194304 bytes.
25/04/03 19:32:53 INFO DAGScheduler: Registering RDD 65 (showString at NativeMethodAccessorImpl.java:0) as input to shuffle 6
25/04/03 19:32:53 INFO DAGScheduler: Got map stage job 16 (showString at NativeMethodAccessorImpl.java:0) with 1 output partitions
25/04/03 19:32:53 INFO DAGScheduler: Final stage: ShuffleMapStage 26 (showString at NativeMethodAccessorImpl.java:0)
25/04/03 19:32:53 INFO DAGScheduler: Parents of final stage: List()
25/04/03 19:32:53 INFO DAGScheduler: Missing parents: List()
25/04/03 19:32:53 INFO DAGScheduler: Submitting ShuffleMapStage 26 (MapPartitionsRDD[65] at showString at NativeMethodAccessorImpl.java:0), which has no missing parents
25/04/03 19:32:53 INFO MemoryStore: Block broadcast_25 stored as values in memory (estimated size 38.0 KiB, free 404.5 MiB)
25/04/03 19:32:53 INFO MemoryStore: Block broadcast_25_piece0 stored as bytes in memory (estimated size 18.1 KiB, free 404.5 MiB)
25/04/03 19:32:53 INFO BlockManagerInfo: Added broadcast_25_piece0 in memory on host.docker.internal:51446 (size: 18.1 KiB, free: 406.2 MiB)
25/04/03 19:32:53 INFO SparkContext: Created broadcast 25 from broadcast at DAGScheduler.scala:1474
25/04/03 19:32:53 INFO DAGScheduler: Submitting 1 missing tasks from ShuffleMapStage 26 (MapPartitionsRDD[65] at showString at NativeMethodAccessorImpl.java:0) (first 15 tasks are for partitions Vector(0))
25/04/03 19:32:53 INFO TaskSchedulerImpl: Adding task set 26.0 with 1 tasks resource profile 0
25/04/03 19:32:53 INFO TaskSetManager: Starting task 0.0 in stage 26.0 (TID 16) (host.docker.internal, executor driver, partition 0, PROCESS_LOCAL, 4879 bytes) taskResourceAssignments Map()
25/04/03 19:32:53 INFO Executor: Running task 0.0 in stage 26.0 (TID 16)
25/04/03 19:32:53 INFO FileScanRDD: Reading File path: file:///E:/school/Sem-2/Big-Data/Assignments/problem3/titanic.csv, range: 0-60302, partition values: [empty row]
25/04/03 19:32:53 INFO Executor: Finished task 0.0 in stage 26.0 (TID 16). 2684 bytes result sent to driver
25/04/03 19:32:53 INFO TaskSetManager: Finished task 0.0 in stage 26.0 (TID 16) in 48 ms on host.docker.internal (executor driver) (1/1)
25/04/03 19:32:53 INFO TaskSchedulerImpl: Removed TaskSet 26.0, whose tasks have all completed, from pool 
25/04/03 19:32:53 INFO DAGScheduler: ShuffleMapStage 26 (showString at NativeMethodAccessorImpl.java:0) finished in 0.053 s
25/04/03 19:32:53 INFO DAGScheduler: looking for newly runnable stages
25/04/03 19:32:53 INFO DAGScheduler: running: Set()
25/04/03 19:32:53 INFO DAGScheduler: waiting: Set()
25/04/03 19:32:53 INFO DAGScheduler: failed: Set()
25/04/03 19:32:53 INFO ShufflePartitionsUtil: For shuffle(6), advisory target size: 67108864, actual target size 1048576, minimum partition size: 1048576
25/04/03 19:32:53 INFO HashAggregateExec: spark.sql.codegen.aggregate.map.twolevel.enabled is set to true, but current version of codegened fast hashmap does not support this aggregate.
25/04/03 19:32:53 INFO SparkContext: Starting job: showString at NativeMethodAccessorImpl.java:0
25/04/03 19:32:53 INFO DAGScheduler: Got job 17 (showString at NativeMethodAccessorImpl.java:0) with 1 output partitions
25/04/03 19:32:53 INFO DAGScheduler: Final stage: ResultStage 28 (showString at NativeMethodAccessorImpl.java:0)
25/04/03 19:32:53 INFO DAGScheduler: Parents of final stage: List(ShuffleMapStage 27)
25/04/03 19:32:53 INFO DAGScheduler: Missing parents: List()
25/04/03 19:32:53 INFO DAGScheduler: Submitting ResultStage 28 (MapPartitionsRDD[69] at showString at NativeMethodAccessorImpl.java:0), which has no missing parents
25/04/03 19:32:53 INFO MemoryStore: Block broadcast_26 stored as values in memory (estimated size 40.7 KiB, free 404.4 MiB)
25/04/03 19:32:53 INFO MemoryStore: Block broadcast_26_piece0 stored as bytes in memory (estimated size 19.5 KiB, free 404.4 MiB)
25/04/03 19:32:53 INFO BlockManagerInfo: Added broadcast_26_piece0 in memory on host.docker.internal:51446 (size: 19.5 KiB, free: 406.2 MiB)
25/04/03 19:32:53 INFO SparkContext: Created broadcast 26 from broadcast at DAGScheduler.scala:1474
25/04/03 19:32:53 INFO DAGScheduler: Submitting 1 missing tasks from ResultStage 28 (MapPartitionsRDD[69] at showString at NativeMethodAccessorImpl.java:0) (first 15 tasks are for partitions Vector(0))
25/04/03 19:32:53 INFO TaskSchedulerImpl: Adding task set 28.0 with 1 tasks resource profile 0
25/04/03 19:32:53 INFO TaskSetManager: Starting task 0.0 in stage 28.0 (TID 17) (host.docker.internal, executor driver, partition 0, NODE_LOCAL, 4453 bytes) taskResourceAssignments Map()
25/04/03 19:32:53 INFO Executor: Running task 0.0 in stage 28.0 (TID 17)
25/04/03 19:32:53 INFO ShuffleBlockFetcherIterator: Getting 1 (144.0 B) non-empty blocks including 1 (144.0 B) local and 0 (0.0 B) host-local and 0 (0.0 B) push-merged-local and 0 (0.0 B) remote blocks
25/04/03 19:32:53 INFO ShuffleBlockFetcherIterator: Started 0 remote fetches in 0 ms
25/04/03 19:32:53 INFO Executor: Finished task 0.0 in stage 28.0 (TID 17). 6149 bytes result sent to driver
25/04/03 19:32:53 INFO TaskSetManager: Finished task 0.0 in stage 28.0 (TID 17) in 11 ms on host.docker.internal (executor driver) (1/1)
25/04/03 19:32:53 INFO TaskSchedulerImpl: Removed TaskSet 28.0, whose tasks have all completed, from pool 
25/04/03 19:32:53 INFO DAGScheduler: ResultStage 28 (showString at NativeMethodAccessorImpl.java:0) finished in 0.015 s
25/04/03 19:32:53 INFO DAGScheduler: Job 17 is finished. Cancelling potential speculative or zombie tasks for this job
25/04/03 19:32:53 INFO TaskSchedulerImpl: Killing all running tasks in stage 28: Stage finished
25/04/03 19:32:53 INFO DAGScheduler: Job 17 finished: showString at NativeMethodAccessorImpl.java:0, took 0.016251 s
25/04/03 19:32:53 INFO CodeGenerator: Code generated in 4.6784 ms
25/04/03 19:32:53 INFO SparkUI: Stopped Spark web UI at http://host.docker.internal:4040
25/04/03 19:32:53 INFO MapOutputTrackerMasterEndpoint: MapOutputTrackerMasterEndpoint stopped!
25/04/03 19:32:53 INFO MemoryStore: MemoryStore cleared
25/04/03 19:32:53 INFO BlockManager: BlockManager stopped
25/04/03 19:32:53 INFO BlockManagerMaster: BlockManagerMaster stopped
25/04/03 19:32:53 INFO OutputCommitCoordinator$OutputCommitCoordinatorEndpoint: OutputCommitCoordinator stopped!
25/04/03 19:32:53 INFO SparkContext: Successfully stopped SparkContext
